--- 错误 1 / 24 - 分析 0x1323788c3e6046bec22b2652be9d4d5e6d200f3d 时出错 ---
错误输出：'solc --standard-json --allow-paths /home/ziming/workspace/github/contracts/oracle/crytic-export/etherscan-contracts/0x1323788c3e6046bec22b2652be9d4d5e6d200f3d-OpenNFT' running
INFO:Detectors:
CWE-284: withdraw function in OpenNFT.requestRandomWords(uint32,uint32) (contracts/OpenNFT.sol#260-296) is not protrcted.
CWE-703: revert in require(bool,string)(s_requests[_requestId].paid > 0,request not found) (contracts/OpenNFT.sol#302) Costs have been incurred, recommend to log the error instead of aborting execution
Reference: ...
INFO:Detectors:
CWE-284: oracle operation (requestId,reqPrice) = requestRandomnessPayInNative(_callbackGasLimit,requestConfirmations,_numWords,extraArgs) (contracts/OpenNFT.sol#270-275) lacks of access control.
CWE-693: oracle operation in OpenNFT (contracts/OpenNFT.sol#26-321) is not upgradeable.
Reference: ...
INFO:Slither:0x1323788c3e6046bec22b2652be9d4d5e6d200f3d analyzed (33 contracts with 3 detectors), 4 result(s) found


================================================================================

--- 错误 2 / 24 - 分析 0x46d3d02589621a820d610ae665daef106fdad136 时出错 ---
错误输出：'solc --standard-json --allow-paths /home/ziming/workspace/github/contracts/oracle/crytic-export/etherscan-contracts/0x46d3d02589621a820d610ae665daef106fdad136-Boxed' running
INFO:Detectors:
CWE-400: locked tokens in Boxed (contracts/Boxed.sol#20-308) Please add withdraw function.
Reference: ...
INFO:Detectors:
CWE-284: oracle operation requestId = requestRandomWords(_quantity) (contracts/Boxed.sol#148) lacks of access control.
CWE-693: oracle operation in Boxed.box(uint256,bool) (contracts/Boxed.sol#105-159) is not pausable.
CWE-693: oracle operation in Boxed (contracts/Boxed.sol#20-308) is not upgradeable.
CWE-284: oracle operation (requestId,None) = requestRandomnessPayInNative(callbackGasLimit,REQUEST_CONFIRMATIONS,NUM_WORDS,extraArgs) (contracts/Boxed.sol#249-254) lacks of access control.
CWE-693: oracle operation in Boxed.requestRandomWords(uint256) (contracts/Boxed.sol#242-257) is not pausable.
Reference: ...
INFO:Detectors:
CWE-345: response ID of the fulfill Boxed.fulfillRandomWords(uint256,uint256[]) (contracts/Boxed.sol#259-281) not checked.
Reference: ...
INFO:Slither:0x46d3d02589621a820d610ae665daef106fdad136 analyzed (32 contracts with 3 detectors), 7 result(s) found


================================================================================

--- 错误 3 / 24 - 分析 0x79b7dc37e70e78a19de055b78193059e7b371b33 时出错 ---
错误输出：'solc --standard-json --allow-paths /home/ziming/workspace/github/contracts/oracle' running
Warning: Warning: SPDX license identifier not provided in source file. Before publishing, consider adding a comment containing "SPDX-License-Identifier: <SPDX-License>" to each source file. Use "SPDX-License-Identifier: UNLICENSED" for non-open-source code. Please see https://spdx.org for more information.
--> crytic-export/etherscan-contracts/0x79b7dc37e70e78a19de055b78193059e7b371b33-LotteryERC721A.sol



INFO:Detectors:
CWE-284: withdraw function in LotteryERC721A.pickWinner(uint256) (crytic-export/etherscan-contracts/0x79b7dc37e70e78a19de055b78193059e7b371b33-LotteryERC721A.sol#1954-1967) is not protrcted.
CWE-400: locked tokens in LotteryERC721A (crytic-export/etherscan-contracts/0x79b7dc37e70e78a19de055b78193059e7b371b33-LotteryERC721A.sol#1807-2018) Please add withdraw function.
CWE-703: revert in require(bool,string)(drawingRequested,Randomness not requested) (crytic-export/etherscan-contracts/0x79b7dc37e70e78a19de055b78193059e7b371b33-LotteryERC721A.sol#1917) Costs have been incurred, recommend to log the error instead of aborting execution
CWE-703: revert in require(bool,string)(! winnerSelected,Winner already selected) (crytic-export/etherscan-contracts/0x79b7dc37e70e78a19de055b78193059e7b371b33-LotteryERC721A.sol#1918) Costs have been incurred, recommend to log the error instead of aborting execution
CWE-703: revert in require(bool,string)(_requestId == vrfRequestId,Invalid requestId) (crytic-export/etherscan-contracts/0x79b7dc37e70e78a19de055b78193059e7b371b33-LotteryERC721A.sol#1919) Costs have been incurred, recommend to log the error instead of aborting execution
CWE-703: revert in require(bool,string)(! winnerSelected,Winner already selected) (crytic-export/etherscan-contracts/0x79b7dc37e70e78a19de055b78193059e7b371b33-LotteryERC721A.sol#1955) Costs have been incurred, recommend to log the error instead of aborting execution
CWE-703: revert in require(bool,string)(_exists(_winnerId),Invalid tokenId) (crytic-export/etherscan-contracts/0x79b7dc37e70e78a19de055b78193059e7b371b33-LotteryERC721A.sol#1956) Costs have been incurred, recommend to log the error instead of aborting execution
CWE-703: revert in revert OwnerQueryForNonexistentToken()() (crytic-export/etherscan-contracts/0x79b7dc37e70e78a19de055b78193059e7b371b33-LotteryERC721A.sol#745) Costs have been incurred, recommend to log the error instead of aborting execution
CWE-703: revert in require(bool,string)(sent,Failed to send reward) (crytic-export/etherscan-contracts/0x79b7dc37e70e78a19de055b78193059e7b371b33-LotteryERC721A.sol#1966) Costs have been incurred, recommend to log the error instead of aborting execution
Reference: ...
INFO:Detectors:
CWE-284: oracle operation (requestId,reqPrice) = requestRandomnessPayInNative(callbackGasLimit,requestConfirmations,numWords,extraArgsBytes) (crytic-export/etherscan-contracts/0x79b7dc37e70e78a19de055b78193059e7b371b33-LotteryERC721A.sol#1895-1900) lacks of access control.
CWE-284: oracle operation (requestId,reqPrice) = requestRandomness(callbackGasLimit,requestConfirmations,numWords,extraArgsBytes) (crytic-export/etherscan-contracts/0x79b7dc37e70e78a19de055b78193059e7b371b33-LotteryERC721A.sol#1902-1907) lacks of access control.
CWE-284: state variable LotteryERC721A.drawingRequested (crytic-export/etherscan-contracts/0x79b7dc37e70e78a19de055b78193059e7b371b33-LotteryERC721A.sol#1820) in LotteryERC721A.requestRandomnessFromChainlink() (crytic-export/etherscan-contracts/0x79b7dc37e70e78a19de055b78193059e7b371b33-LotteryERC721A.sol#1882-1911) lacks of access control.
CWE-693: oracle operation in LotteryERC721A (crytic-export/etherscan-contracts/0x79b7dc37e70e78a19de055b78193059e7b371b33-LotteryERC721A.sol#1807-2018) is not upgradeable.
Reference: ...
INFO:Detectors:
CWE-345: response in winnerId = (randomNumber % ticketSupply) + 1 (crytic-export/etherscan-contracts/0x79b7dc37e70e78a19de055b78193059e7b371b33-LotteryERC721A.sol#1926) may be tampered by state variables.
CWE-345: response in _startTokenId() <= tokenId && tokenId < _currentIndex && _packedOwnerships[tokenId] & BITMASK_BURNED == 0 (crytic-export/etherscan-contracts/0x79b7dc37e70e78a19de055b78193059e7b371b33-LotteryERC721A.sol#920-923) may be tampered by state variables.
CWE-345: response in packed = _packedOwnerships[-- curr] (crytic-export/etherscan-contracts/0x79b7dc37e70e78a19de055b78193059e7b371b33-LotteryERC721A.sol#739) may be tampered by state variables.
Reference: ...
INFO:Slither:0x79b7dc37e70e78a19de055b78193059e7b371b33 analyzed (12 contracts with 3 detectors), 16 result(s) found


================================================================================

--- 错误 4 / 24 - 分析 0xb6f6f0dbe5099c28c98239b2d1991eec8fdf53fa 时出错 ---
错误输出：'solc --standard-json --allow-paths /home/ziming/workspace/github/contracts/oracle/crytic-export/etherscan-contracts/0xb6f6f0dbe5099c28c98239b2d1991eec8fdf53fa-EthereumSNGLRChainFunctions' running
INFO:Detectors:
CWE-703: revert in revert NoSuchVRFRequest()() (src/chainfunctions/ChainlinkChainFunctions.sol#95) Costs have been incurred, recommend to log the error instead of aborting execution
Reference: ...
ERROR:Detectors:Fail to find the fulfill function.
ERROR:Detectors:Fail to find the fulfill function.
INFO:Slither:0xb6f6f0dbe5099c28c98239b2d1991eec8fdf53fa analyzed (21 contracts with 3 detectors), 1 result(s) found


================================================================================

--- 错误 5 / 24 - 分析 0xa4b48a6b42d3d3c46479754268b5384bc1f7c9f4 时出错 ---
错误输出：'solc --standard-json --allow-paths /home/ziming/workspace/github/contracts/oracle/crytic-export/etherscan-contracts/0xa4b48a6b42d3d3c46479754268b5384bc1f7c9f4-EthereumSNGLRChainFunctions' running
INFO:Detectors:
CWE-703: revert in revert NoSuchVRFRequest()() (src/chainfunctions/ChainlinkChainFunctions.sol#100) Costs have been incurred, recommend to log the error instead of aborting execution
Reference: ...
ERROR:Detectors:Fail to find the fulfill function.
ERROR:Detectors:Fail to find the fulfill function.
INFO:Slither:0xa4b48a6b42d3d3c46479754268b5384bc1f7c9f4 analyzed (21 contracts with 3 detectors), 1 result(s) found


================================================================================

--- 错误 6 / 24 - 分析 0x7b146c0bf08f79fe5e840b0c3bf23e03cb616764 时出错 ---
错误输出：'solc --standard-json --allow-paths /home/ziming/workspace/github/contracts/oracle/crytic-export/etherscan-contracts/0x7b146c0bf08f79fe5e840b0c3bf23e03cb616764-EthereumSNGLRChainFunctions' running
INFO:Detectors:
CWE-703: revert in revert NoSuchVRFRequest()() (src/chainfunctions/ChainlinkChainFunctions.sol#109) Costs have been incurred, recommend to log the error instead of aborting execution
Reference: ...
ERROR:Detectors:Fail to find the fulfill function.
ERROR:Detectors:Fail to find the fulfill function.
INFO:Slither:0x7b146c0bf08f79fe5e840b0c3bf23e03cb616764 analyzed (21 contracts with 3 detectors), 1 result(s) found


================================================================================

--- 错误 7 / 24 - 分析 0x96b8da9abe37f04119374793d3bd344e9c4f37c4 时出错 ---
错误输出：'solc --standard-json --allow-paths /home/ziming/workspace/github/contracts/oracle/crytic-export/etherscan-contracts/0x96b8da9abe37f04119374793d3bd344e9c4f37c4-VRFV2PlusWrapperConsumerExample' running
INFO:Detectors:
CWE-703: revert in require(bool,string)(s_requests[_requestId].paid > 0,request not found) (src/v0.8/vrf/dev/testhelpers/VRFV2PlusWrapperConsumerExample.sol#52) Costs have been incurred, recommend to log the error instead of aborting execution
Reference: ...
INFO:Detectors:
CWE-693: oracle operation in VRFV2PlusWrapperConsumerExample.makeRequest(uint32,uint16,uint32) (src/v0.8/vrf/dev/testhelpers/VRFV2PlusWrapperConsumerExample.sol#23-34) is not pausable.
CWE-693: oracle operation in VRFV2PlusWrapperConsumerExample (src/v0.8/vrf/dev/testhelpers/VRFV2PlusWrapperConsumerExample.sol#8-80) is not upgradeable.
CWE-693: oracle operation in VRFV2PlusWrapperConsumerExample.makeRequestNative(uint32,uint16,uint32) (src/v0.8/vrf/dev/testhelpers/VRFV2PlusWrapperConsumerExample.sol#36-47) is not pausable.
Reference: ...
INFO:Slither:0x96b8da9abe37f04119374793d3bd344e9c4f37c4 analyzed (8 contracts with 3 detectors), 4 result(s) found


================================================================================

--- 错误 8 / 24 - 分析 0x2a4b3391e588e7132aecc0260333c28875511e47 时出错 ---
错误输出：'solc --standard-json --allow-paths /home/ziming/workspace/github/contracts/oracle/crytic-export/etherscan-contracts/0x2a4b3391e588e7132aecc0260333c28875511e47-VistaArcadeRewardsPool' running
INFO:Detectors:
CWE-284: oracle operation (requestId,reqPrice) = requestRandomnessPayInNative(callbackGasLimit,requestConfirmations,numWords,extraArgs) (VistaArcade.sol#286-291) lacks of access control.
CWE-284: state variable VistaArcadeRewardsPool.lock (VistaArcade.sol#267) in VistaArcadeRewardsPool._rollDice(bool) (VistaArcade.sol#278-293) lacks of access control.
CWE-284: state variable VistaArcadeRewardsPool.lock (VistaArcade.sol#267) in VistaArcadeRewardsPool.fulfillRandomWords(uint256,uint256[]) (VistaArcade.sol#311-320) lacks of access control.
CWE-693: oracle operation in VistaArcadeRewardsPool (VistaArcade.sol#255-425) is not upgradeable.
Reference: ...
INFO:Detectors:
CWE-345: response ID of the fulfill VistaArcadeRewardsPool.fulfillRandomWords(uint256,uint256[]) (VistaArcade.sol#311-320) not checked.
CWE-345: response in vrfResults.push(RequestStatus({requestId:requestId,randomWords:randomWords})) (VistaArcade.sol#315-318) may be tampered by parameters.
CWE-345: response in vrfResults.push(RequestStatus({requestId:requestId,randomWords:randomWords})) (VistaArcade.sol#315-318) may be tampered by state variables.
CWE-345: response in index = uint256(keccak256(bytes)(abi.encodePacked(block.prevrandao,block.timestamp))) % vrfResults.length (VistaArcade.sol#364) may be tampered by state variables.
CWE-345: response in d100Result = uint256(keccak256(bytes)(abi.encodePacked(block.timestamp,block.prevrandao,blockhash(uint256)(block.number - ((pairBalance / 1e18) % 3333333)),pairBalance,address(this).balance,vrfResults[index].requestId,vrfResults[index].randomWords))) % 100 (VistaArcade.sol#365-379) may be tampered by parameters.
CWE-345: response in d100Result = uint256(keccak256(bytes)(abi.encodePacked(block.timestamp,block.prevrandao,blockhash(uint256)(block.number - ((pairBalance / 1e18) % 3333333)),pairBalance,address(this).balance,vrfResults[index].requestId,vrfResults[index].randomWords))) % 100 (VistaArcade.sol#365-379) may be tampered by state variables.
Reference: ...
INFO:Slither:0x2a4b3391e588e7132aecc0260333c28875511e47 analyzed (13 contracts with 3 detectors), 10 result(s) found


================================================================================

--- 错误 9 / 24 - 分析 0x0f44a67c7c61130994a22606d11991fb06e29b42 时出错 ---
错误输出：'solc --standard-json --allow-paths /home/ziming/workspace/github/contracts/oracle/crytic-export/etherscan-contracts/0x0f44a67c7c61130994a22606d11991fb06e29b42-VistaArcadeRewardsPool' running
INFO:Detectors:
CWE-284: oracle operation (requestId,reqPrice) = requestRandomnessPayInNative(callbackGasLimit,requestConfirmations,numWords,extraArgs) (VistaArcade.sol#286-291) lacks of access control.
CWE-284: state variable VistaArcadeRewardsPool.lock (VistaArcade.sol#267) in VistaArcadeRewardsPool._rollDice(bool) (VistaArcade.sol#278-293) lacks of access control.
CWE-284: state variable VistaArcadeRewardsPool.lock (VistaArcade.sol#267) in VistaArcadeRewardsPool.fulfillRandomWords(uint256,uint256[]) (VistaArcade.sol#311-320) lacks of access control.
CWE-693: oracle operation in VistaArcadeRewardsPool (VistaArcade.sol#255-431) is not upgradeable.
Reference: ...
INFO:Detectors:
CWE-345: response ID of the fulfill VistaArcadeRewardsPool.fulfillRandomWords(uint256,uint256[]) (VistaArcade.sol#311-320) not checked.
CWE-345: response in vrfResults.push(RequestStatus({requestId:requestId,randomWords:randomWords})) (VistaArcade.sol#315-318) may be tampered by parameters.
CWE-345: response in vrfResults.push(RequestStatus({requestId:requestId,randomWords:randomWords})) (VistaArcade.sol#315-318) may be tampered by state variables.
CWE-345: response in index = uint256(keccak256(bytes)(abi.encodePacked(block.prevrandao,block.timestamp))) % vrfResults.length (VistaArcade.sol#370) may be tampered by state variables.
CWE-345: response in d100Result = uint256(keccak256(bytes)(abi.encodePacked(block.timestamp,block.prevrandao,blockhash(uint256)(block.number - ((pairBalance / 1e18) % 3333333)),pairBalance,address(this).balance,vrfResults[index].requestId,vrfResults[index].randomWords))) % 100 (VistaArcade.sol#371-385) may be tampered by parameters.
CWE-345: response in d100Result = uint256(keccak256(bytes)(abi.encodePacked(block.timestamp,block.prevrandao,blockhash(uint256)(block.number - ((pairBalance / 1e18) % 3333333)),pairBalance,address(this).balance,vrfResults[index].requestId,vrfResults[index].randomWords))) % 100 (VistaArcade.sol#371-385) may be tampered by state variables.
Reference: ...
INFO:Slither:0x0f44a67c7c61130994a22606d11991fb06e29b42 analyzed (13 contracts with 3 detectors), 10 result(s) found


================================================================================

--- 错误 10 / 24 - 分析 0xc4d7b17c379467939ae7255f8d44ebcf33ce5c9b 时出错 ---
错误输出：'solc --standard-json --allow-paths /home/ziming/workspace/github/contracts/oracle/crytic-export/etherscan-contracts/0xc4d7b17c379467939ae7255f8d44ebcf33ce5c9b-MetaheroArena' running
Warning: Warning: This declaration has the same name as another declaration.
   --> src/MetaheroArena.sol:162:48:
    |
162 |     function requestRandomness(uint16 tokenId, uint16 wagerAgainst, address address1, address address2) internal returns (uint256 requestId) {
    |                                                ^^^^^^^^^^^^^^^^^^^
Note: The other declaration is here:
  --> src/MetaheroArena.sol:85:5:
   |
85 |     function wagerAgainst(uint16 tokenId, uint16 against) external payable whenNotPaused {
   |     ^ (Relevant source part starts here and spans across multiple lines).


Warning: Warning: This declaration has the same name as another declaration.
   --> src/MetaheroArena.sol:198:9:
    |
198 |         uint16 wagerAgainst = s_requests[_requestId].wagerAgainst;
    |         ^^^^^^^^^^^^^^^^^^^
Note: The other declaration is here:
  --> src/MetaheroArena.sol:85:5:
   |
85 |     function wagerAgainst(uint16 tokenId, uint16 against) external payable whenNotPaused {
   |     ^ (Relevant source part starts here and spans across multiple lines).



INFO:Detectors:
CWE-284: withdraw function in MetaheroArena.requestRandomness(uint16,uint16,address,address) (src/MetaheroArena.sol#162-185) is not protrcted.
CWE-703: revert in require(bool,string)(s_requests[_requestId].exists,request not found) (src/MetaheroArena.sol#191) Costs have been incurred, recommend to log the error instead of aborting execution
CWE-703: revert in require(bool,string)(! s_requests[_requestId].fulfilled,request fulfilled) (src/MetaheroArena.sol#192) Costs have been incurred, recommend to log the error instead of aborting execution
Reference: ...
INFO:Detectors:
CWE-693: oracle operation in MetaheroArena (src/MetaheroArena.sol#18-252) is not upgradeable.
CWE-284: oracle operation (requestId,reqPrice) = requestRandomnessPayInNative(CALLBACK_GAS_LIMIT,REQUEST_CONFIRMATIONS,NUM_WORDS,VRFV2PlusClient._argsToBytes(VRFV2PlusClient.ExtraArgsV1({nativePayment:true}))) (src/MetaheroArena.sol#164-173) lacks of access control.
CWE-693: oracle operation in MetaheroArena.requestRandomness(uint16,uint16,address,address) (src/MetaheroArena.sol#162-185) is not pausable.
Reference: ...
INFO:Slither:0xc4d7b17c379467939ae7255f8d44ebcf33ce5c9b analyzed (13 contracts with 3 detectors), 6 result(s) found


================================================================================

--- 错误 11 / 24 - 分析 0x5dc9382549d82c4d306d4ff59042098d781e627b 时出错 ---
错误输出：'solc --standard-json --allow-paths /home/ziming/workspace/github/contracts/oracle/crytic-export/etherscan-contracts/0x5dc9382549d82c4d306d4ff59042098d781e627b-CoinFlip' running
INFO:Detectors:
CWE-284: withdraw function in CoinFlip._transferFunds(address,uint256,address) (src/CoinFlip.sol#786-800) is not protrcted.
CWE-703: revert in require(bool,string)(gameId != 0,Invalid VRF request) (src/CoinFlip.sol#746) Costs have been incurred, recommend to log the error instead of aborting execution
CWE-703: revert in require(bool,string)(! vrfRequest.fulfilled,Request already fulfilled) (src/CoinFlip.sol#747) Costs have been incurred, recommend to log the error instead of aborting execution
CWE-703: revert in require(bool,string)(game.creator != address(0),Game does not exist) (src/CoinFlip.sol#750) Costs have been incurred, recommend to log the error instead of aborting execution
CWE-703: revert in require(bool,string)(game.state == GameState.WaitingForVRF,Game not waiting for VRF) (src/CoinFlip.sol#751-754) Costs have been incurred, recommend to log the error instead of aborting execution
CWE-703: revert in revert ReentrancyGuardReentrantCall()() (lib/openzeppelin-contracts/contracts/utils/ReentrancyGuard.sol#67) Costs have been incurred, recommend to log the error instead of aborting execution
Reference: ...
INFO:Detectors:
CWE-693: oracle operation in CoinFlip.getETHPrice() (src/CoinFlip.sol#331-346) is not pausable.
CWE-693: oracle operation in CoinFlip (src/CoinFlip.sol#92-1047) is not upgradeable.
CWE-284: Interface instantiation in (price,updatedAt) = AggregatorV3Interface(ETH_USD_PRICE_FEED).latestRoundData() (src/CoinFlip.sol#332-345) lacks of access control.
CWE-284: oracle operation (requestId,None) = requestRandomness(callbackGasLimit,requestConfirmations,numWords,extraArgs) (src/CoinFlip.sol#729-734) lacks of access control.
CWE-693: oracle operation in CoinFlip._requestVRF(uint256) (src/CoinFlip.sol#725-737) is not pausable.
Reference: ...
ERROR:Detectors:The data fields of (price,updatedAt) = AggregatorV3Interface(ETH_USD_PRICE_FEED).latestRoundData() is incorrect.
Traceback (most recent call last):
  File "/home/ziming/.local/bin/slither", line 8, in <module>
    sys.exit(main())
  File "/home/ziming/.local/lib/python3.10/site-packages/slither/__main__.py", line 776, in main
    main_impl(all_detector_classes=detectors, all_printer_classes=printers)
  File "/home/ziming/.local/lib/python3.10/site-packages/slither/__main__.py", line 882, in main_impl
    ) = process_all(filename, args, detector_classes, printer_classes)
  File "/home/ziming/.local/lib/python3.10/site-packages/slither/__main__.py", line 107, in process_all
    ) = process_single(compilation, args, detector_classes, printer_classes)
  File "/home/ziming/.local/lib/python3.10/site-packages/slither/__main__.py", line 87, in process_single
    return _process(slither, detector_classes, printer_classes)
  File "/home/ziming/.local/lib/python3.10/site-packages/slither/__main__.py", line 137, in _process
    detector_resultss = slither.run_detectors()
  File "/home/ziming/.local/lib/python3.10/site-packages/slither/slither.py", line 292, in run_detectors
    results = [d.detect() for d in self._detectors]
  File "/home/ziming/.local/lib/python3.10/site-packages/slither/slither.py", line 292, in <listcomp>
    results = [d.detect() for d in self._detectors]
  File "/home/ziming/.local/lib/python3.10/site-packages/slither/detectors/abstract_detector.py", line 203, in detect
    for r in [output.data for output in self._detect()]:
  File "/home/ziming/.local/lib/python3.10/site-packages/slither/detectors/functions/oracle_data_check.py", line 178, in _detect
    self._detect_chainlink_dataFeed()
  File "/home/ziming/.local/lib/python3.10/site-packages/slither/detectors/functions/oracle_data_check.py", line 209, in _detect_chainlink_dataFeed
    self._check_chainlink_round_data(hCall.node)
  File "/home/ziming/.local/lib/python3.10/site-packages/slither/detectors/functions/oracle_data_check.py", line 228, in _check_chainlink_round_data
    v2, v3, v5 = responses[1], responses[2], responses[4]
IndexError: list index out of range


================================================================================

--- 错误 12 / 24 - 分析 0x73da12d0797127c67c180306d4955d8e5101a8b7 时出错 ---
错误输出：'solc --standard-json --allow-paths /home/ziming/workspace/github/contracts/oracle/crytic-export/etherscan-contracts/0x73da12d0797127c67c180306d4955d8e5101a8b7-CoinFlip' running
INFO:Detectors:
CWE-284: withdraw function in CoinFlip._transferFunds(address,uint256,address) (src/CoinFlip.sol#711-725) is not protrcted.
CWE-703: revert in require(bool,string)(gameId != 0,Invalid VRF request) (src/CoinFlip.sol#674) Costs have been incurred, recommend to log the error instead of aborting execution
CWE-703: revert in require(bool,string)(! vrfRequest.fulfilled,Request already fulfilled) (src/CoinFlip.sol#675) Costs have been incurred, recommend to log the error instead of aborting execution
CWE-703: revert in require(bool,string)(game.creator != address(0),Game does not exist) (src/CoinFlip.sol#677) Costs have been incurred, recommend to log the error instead of aborting execution
CWE-703: revert in require(bool,string)(game.state == GameState.WaitingForVRF,Game not waiting for VRF) (src/CoinFlip.sol#678-681) Costs have been incurred, recommend to log the error instead of aborting execution
CWE-703: revert in revert ReentrancyGuardReentrantCall()() (lib/openzeppelin-contracts/contracts/utils/ReentrancyGuard.sol#67) Costs have been incurred, recommend to log the error instead of aborting execution
Reference: ...
INFO:Detectors:
CWE-693: oracle operation in CoinFlip.getETHPrice() (src/CoinFlip.sol#287-300) is not pausable.
CWE-693: oracle operation in CoinFlip (src/CoinFlip.sol#92-916) is not upgradeable.
CWE-284: Interface instantiation in (price,updatedAt) = AggregatorV3Interface(ETH_USD_PRICE_FEED).latestRoundData() (src/CoinFlip.sol#288-299) lacks of access control.
CWE-284: oracle operation (requestId,None) = requestRandomness(callbackGasLimit,requestConfirmations,numWords,extraArgs) (src/CoinFlip.sol#658-663) lacks of access control.
CWE-693: oracle operation in CoinFlip._requestVRF(uint256) (src/CoinFlip.sol#654-666) is not pausable.
Reference: ...
ERROR:Detectors:The data fields of (price,updatedAt) = AggregatorV3Interface(ETH_USD_PRICE_FEED).latestRoundData() is incorrect.
Traceback (most recent call last):
  File "/home/ziming/.local/bin/slither", line 8, in <module>
    sys.exit(main())
  File "/home/ziming/.local/lib/python3.10/site-packages/slither/__main__.py", line 776, in main
    main_impl(all_detector_classes=detectors, all_printer_classes=printers)
  File "/home/ziming/.local/lib/python3.10/site-packages/slither/__main__.py", line 882, in main_impl
    ) = process_all(filename, args, detector_classes, printer_classes)
  File "/home/ziming/.local/lib/python3.10/site-packages/slither/__main__.py", line 107, in process_all
    ) = process_single(compilation, args, detector_classes, printer_classes)
  File "/home/ziming/.local/lib/python3.10/site-packages/slither/__main__.py", line 87, in process_single
    return _process(slither, detector_classes, printer_classes)
  File "/home/ziming/.local/lib/python3.10/site-packages/slither/__main__.py", line 137, in _process
    detector_resultss = slither.run_detectors()
  File "/home/ziming/.local/lib/python3.10/site-packages/slither/slither.py", line 292, in run_detectors
    results = [d.detect() for d in self._detectors]
  File "/home/ziming/.local/lib/python3.10/site-packages/slither/slither.py", line 292, in <listcomp>
    results = [d.detect() for d in self._detectors]
  File "/home/ziming/.local/lib/python3.10/site-packages/slither/detectors/abstract_detector.py", line 203, in detect
    for r in [output.data for output in self._detect()]:
  File "/home/ziming/.local/lib/python3.10/site-packages/slither/detectors/functions/oracle_data_check.py", line 178, in _detect
    self._detect_chainlink_dataFeed()
  File "/home/ziming/.local/lib/python3.10/site-packages/slither/detectors/functions/oracle_data_check.py", line 209, in _detect_chainlink_dataFeed
    self._check_chainlink_round_data(hCall.node)
  File "/home/ziming/.local/lib/python3.10/site-packages/slither/detectors/functions/oracle_data_check.py", line 228, in _check_chainlink_round_data
    v2, v3, v5 = responses[1], responses[2], responses[4]
IndexError: list index out of range


================================================================================

--- 错误 13 / 24 - 分析 0x7e37b319cf5ea611102acef1b988491744518fcc 时出错 ---
错误输出：'solc --standard-json --allow-paths /home/ziming/workspace/github/contracts/oracle/crytic-export/etherscan-contracts/0x7e37b319cf5ea611102acef1b988491744518fcc-VRFLottery' running
Warning: Warning: SPDX license identifier not provided in source file. Before publishing, consider adding a comment containing "SPDX-License-Identifier: <SPDX-License>" to each source file. Use "SPDX-License-Identifier: UNLICENSED" for non-open-source code. Please see https://spdx.org for more information.
--> lib/v2-periphery/contracts/interfaces/IUniswapV2Router01.sol


Warning: Warning: SPDX license identifier not provided in source file. Before publishing, consider adding a comment containing "SPDX-License-Identifier: <SPDX-License>" to each source file. Use "SPDX-License-Identifier: UNLICENSED" for non-open-source code. Please see https://spdx.org for more information.
--> lib/v2-periphery/contracts/interfaces/IUniswapV2Router02.sol


Warning: Warning: Unused local variable.
    --> src/VRFLottery.sol:1301:9:
     |
1301 |         uint256 oldFee = entryFeeBone;
     |         ^^^^^^^^^^^^^^



INFO:Detectors:
CWE-284: withdraw function in VRFLottery.withdraw() (src/VRFLottery.sol#779-787) is not protrcted.
CWE-284: withdraw function in VRFLottery.buyAndBurnTOAD(uint256) (src/VRFLottery.sol#790-811) is not protrcted.
CWE-284: withdraw function in VRFLottery.emergencyWithdrawTokens(address,uint256) (src/VRFLottery.sol#1268-1278) is not protrcted.
CWE-284: withdraw function in VRFLottery.emergencyWithdrawETH() (src/VRFLottery.sol#1280-1284) is not protrcted.
Reference: ...
INFO:Detectors:
CWE-693: oracle operation in VRFLottery._getETHPriceUSD() (src/VRFLottery.sol#320-339) is not pausable.
CWE-693: oracle operation in VRFLottery (src/VRFLottery.sol#38-1396) is not upgradeable.
CWE-284: oracle operation (requestId,None) = requestRandomness(gasLimit,confirmations,numWords,extraArgs) (src/VRFLottery.sol#609-614) lacks of access control.
CWE-693: oracle operation in VRFLottery.requestRandomWords() (src/VRFLottery.sol#591-623) is not pausable.
Reference: ...
ERROR:Detectors:The data fields of (answer,updatedAt) = ethUsdPriceFeed.latestRoundData() is incorrect.
Traceback (most recent call last):
  File "/home/ziming/.local/bin/slither", line 8, in <module>
    sys.exit(main())
  File "/home/ziming/.local/lib/python3.10/site-packages/slither/__main__.py", line 776, in main
    main_impl(all_detector_classes=detectors, all_printer_classes=printers)
  File "/home/ziming/.local/lib/python3.10/site-packages/slither/__main__.py", line 882, in main_impl
    ) = process_all(filename, args, detector_classes, printer_classes)
  File "/home/ziming/.local/lib/python3.10/site-packages/slither/__main__.py", line 107, in process_all
    ) = process_single(compilation, args, detector_classes, printer_classes)
  File "/home/ziming/.local/lib/python3.10/site-packages/slither/__main__.py", line 87, in process_single
    return _process(slither, detector_classes, printer_classes)
  File "/home/ziming/.local/lib/python3.10/site-packages/slither/__main__.py", line 137, in _process
    detector_resultss = slither.run_detectors()
  File "/home/ziming/.local/lib/python3.10/site-packages/slither/slither.py", line 292, in run_detectors
    results = [d.detect() for d in self._detectors]
  File "/home/ziming/.local/lib/python3.10/site-packages/slither/slither.py", line 292, in <listcomp>
    results = [d.detect() for d in self._detectors]
  File "/home/ziming/.local/lib/python3.10/site-packages/slither/detectors/abstract_detector.py", line 203, in detect
    for r in [output.data for output in self._detect()]:
  File "/home/ziming/.local/lib/python3.10/site-packages/slither/detectors/functions/oracle_data_check.py", line 178, in _detect
    self._detect_chainlink_dataFeed()
  File "/home/ziming/.local/lib/python3.10/site-packages/slither/detectors/functions/oracle_data_check.py", line 209, in _detect_chainlink_dataFeed
    self._check_chainlink_round_data(hCall.node)
  File "/home/ziming/.local/lib/python3.10/site-packages/slither/detectors/functions/oracle_data_check.py", line 228, in _check_chainlink_round_data
    v2, v3, v5 = responses[1], responses[2], responses[4]
IndexError: list index out of range


================================================================================

--- 错误 14 / 24 - 分析 0x0482a1e0d4e4f2628d27ec60112bd86b773de80a 时出错 ---
错误输出：'solc --standard-json --allow-paths /home/ziming/workspace/github/contracts/oracle/crytic-export/etherscan-contracts/0x0482a1e0d4e4f2628d27ec60112bd86b773de80a-CoinFlipV2' running
INFO:Detectors:
CWE-284: withdraw function in CoinFlipV2._transferFunds(address,uint256,address) (src/CoinFlipV2.sol#696-710) is not protrcted.
CWE-703: revert in require(bool,string)(gameId != 0,Invalid VRF request) (src/CoinFlipV2.sol#659) Costs have been incurred, recommend to log the error instead of aborting execution
CWE-703: revert in require(bool,string)(! vrfRequest.fulfilled,Request already fulfilled) (src/CoinFlipV2.sol#660) Costs have been incurred, recommend to log the error instead of aborting execution
CWE-703: revert in require(bool,string)(game.creator != address(0),Game does not exist) (src/CoinFlipV2.sol#662) Costs have been incurred, recommend to log the error instead of aborting execution
CWE-703: revert in require(bool,string)(game.state == GameState.WaitingForVRF,Game not waiting for VRF) (src/CoinFlipV2.sol#663-666) Costs have been incurred, recommend to log the error instead of aborting execution
CWE-703: revert in revert ReentrancyGuardReentrantCall()() (lib/openzeppelin-contracts/contracts/utils/ReentrancyGuard.sol#67) Costs have been incurred, recommend to log the error instead of aborting execution
Reference: ...
INFO:Detectors:
CWE-693: oracle operation in CoinFlipV2.getETHPrice() (src/CoinFlipV2.sol#275-288) is not pausable.
CWE-693: oracle operation in CoinFlipV2 (src/CoinFlipV2.sol#91-901) is not upgradeable.
CWE-284: Interface instantiation in (price,updatedAt) = AggregatorV3Interface(ETH_USD_PRICE_FEED).latestRoundData() (src/CoinFlipV2.sol#276-287) lacks of access control.
CWE-284: oracle operation (requestId,None) = requestRandomness(callbackGasLimit,requestConfirmations,numWords,extraArgs) (src/CoinFlipV2.sol#643-648) lacks of access control.
CWE-693: oracle operation in CoinFlipV2._requestVRF(uint256) (src/CoinFlipV2.sol#639-651) is not pausable.
Reference: ...
ERROR:Detectors:The data fields of (price,updatedAt) = AggregatorV3Interface(ETH_USD_PRICE_FEED).latestRoundData() is incorrect.
Traceback (most recent call last):
  File "/home/ziming/.local/bin/slither", line 8, in <module>
    sys.exit(main())
  File "/home/ziming/.local/lib/python3.10/site-packages/slither/__main__.py", line 776, in main
    main_impl(all_detector_classes=detectors, all_printer_classes=printers)
  File "/home/ziming/.local/lib/python3.10/site-packages/slither/__main__.py", line 882, in main_impl
    ) = process_all(filename, args, detector_classes, printer_classes)
  File "/home/ziming/.local/lib/python3.10/site-packages/slither/__main__.py", line 107, in process_all
    ) = process_single(compilation, args, detector_classes, printer_classes)
  File "/home/ziming/.local/lib/python3.10/site-packages/slither/__main__.py", line 87, in process_single
    return _process(slither, detector_classes, printer_classes)
  File "/home/ziming/.local/lib/python3.10/site-packages/slither/__main__.py", line 137, in _process
    detector_resultss = slither.run_detectors()
  File "/home/ziming/.local/lib/python3.10/site-packages/slither/slither.py", line 292, in run_detectors
    results = [d.detect() for d in self._detectors]
  File "/home/ziming/.local/lib/python3.10/site-packages/slither/slither.py", line 292, in <listcomp>
    results = [d.detect() for d in self._detectors]
  File "/home/ziming/.local/lib/python3.10/site-packages/slither/detectors/abstract_detector.py", line 203, in detect
    for r in [output.data for output in self._detect()]:
  File "/home/ziming/.local/lib/python3.10/site-packages/slither/detectors/functions/oracle_data_check.py", line 178, in _detect
    self._detect_chainlink_dataFeed()
  File "/home/ziming/.local/lib/python3.10/site-packages/slither/detectors/functions/oracle_data_check.py", line 209, in _detect_chainlink_dataFeed
    self._check_chainlink_round_data(hCall.node)
  File "/home/ziming/.local/lib/python3.10/site-packages/slither/detectors/functions/oracle_data_check.py", line 228, in _check_chainlink_round_data
    v2, v3, v5 = responses[1], responses[2], responses[4]
IndexError: list index out of range


================================================================================

--- 错误 15 / 24 - 分析 0x02aae1a04f9828517b3007f83f6181900cad910c 时出错 ---
错误输出：'solc --standard-json --allow-paths /home/ziming/workspace/github/contracts/oracle/crytic-export/etherscan-contracts/0x02aae1a04f9828517b3007f83f6181900cad910c-VRFV2PlusWrapper' running
INFO:Detectors:
CWE-703: revert in require(bool,string)(callbackAddress != address(0),request not found) (src/v0.8/vrf/dev/VRFV2PlusWrapper.sol#624) Costs have been incurred, recommend to log the error instead of aborting execution
CWE-703: revert in revert(uint256,uint256)(0,0) (src/v0.8/vrf/dev/VRFV2PlusWrapper.sol#686) Costs have been incurred, recommend to log the error instead of aborting execution
CWE-703: revert in revert(uint256,uint256)(0,0) (src/v0.8/vrf/dev/VRFV2PlusWrapper.sol#692) Costs have been incurred, recommend to log the error instead of aborting execution
CWE-703: revert in revert(uint256,uint256)(0,0) (src/v0.8/vrf/dev/VRFV2PlusWrapper.sol#696) Costs have been incurred, recommend to log the error instead of aborting execution
Reference: ...
INFO:Detectors:
CWE-693: oracle operation in VRFV2PlusWrapper (src/v0.8/vrf/dev/VRFV2PlusWrapper.sol#19-716) is not upgradeable.
CWE-284: oracle operation requestId = s_vrfCoordinator.requestRandomWords(req) (src/v0.8/vrf/dev/VRFV2PlusWrapper.sol#560) lacks of access control.
CWE-693: oracle operation in VRFV2PlusWrapper._getFeedData() (src/v0.8/vrf/dev/VRFV2PlusWrapper.sol#643-655) is not pausable.
Reference: ...
INFO:Detectors:
CWE-252: answer and startedAt of data feed in (None,weiPerUnitLink,None,timestamp,None) = i_link_native_feed.latestRoundData() (src/v0.8/vrf/dev/VRFV2PlusWrapper.sol#646) not vaildated.
CWE-345: response in (1e18 * (wrapperCostWei + coordinatorCostWithPremiumAndFlatFeeWei)) / uint256(_weiPerUnitLink) (src/v0.8/vrf/dev/VRFV2PlusWrapper.sol#461) may be tampered by parameters.
CWE-345: response in success = call(uint256,uint256,uint256,uint256,uint256,uint256,uint256)(gasAmount,target,0,data + 0x20,mload(uint256)(data),0,0) (src/v0.8/vrf/dev/VRFV2PlusWrapper.sol#700) may be tampered by parameters.
Reference: ...
INFO:Slither:0x02aae1a04f9828517b3007f83f6181900cad910c analyzed (20 contracts with 3 detectors), 10 result(s) found


================================================================================

--- 错误 16 / 24 - 分析 0x849c663f4c87e045048065b17b67099a4e0b3969 时出错 ---
错误输出：'solc --standard-json --allow-paths /home/ziming/workspace/github/contracts/oracle/crytic-export/etherscan-contracts/0x849c663f4c87e045048065b17b67099a4e0b3969-VerticalAIRaffle' running
INFO:Detectors:
CWE-284: withdraw function in VerticalAIRaffle.claimPrize() (src/VerticalAIRaffleContract.sol#626-655) is not protrcted.
CWE-284: withdraw function in VerticalAIRaffle.unstakeTickets() (src/VerticalAIRaffleContract.sol#666-687) is not protrcted.
CWE-703: revert in require(bool,string)(s_requests[_requestId].paid > 0,VerticalAIRaffle: Request not found) (src/VerticalAIRaffleContract.sol#542-545) Costs have been incurred, recommend to log the error instead of aborting execution
CWE-703: revert in require(bool,string)(! s_requests[_requestId].fulfilled,VerticalAIRaffle: Request already fulfilled) (src/VerticalAIRaffleContract.sol#546-549) Costs have been incurred, recommend to log the error instead of aborting execution
CWE-703: revert in require(bool,string)(totalWeight > 0,VerticalAIRaffle: Total weight is zero) (src/VerticalAIRaffleContract.sol#568) Costs have been incurred, recommend to log the error instead of aborting execution
Reference: ...
INFO:Detectors:
CWE-284: state variable VerticalAIRaffle.callbackGasLimit (src/VerticalAIRaffleContract.sol#191) in VerticalAIRaffle.initialize(address,address,address) (src/VerticalAIRaffleContract.sol#224-257) lacks of access control.
CWE-284: state variable VerticalAIRaffle.requestConfirmations (src/VerticalAIRaffleContract.sol#194) in VerticalAIRaffle.initialize(address,address,address) (src/VerticalAIRaffleContract.sol#224-257) lacks of access control.
CWE-284: state variable VerticalAIRaffle.prizesDistributed (src/VerticalAIRaffleContract.sol#130) in VerticalAIRaffle.fulfillRandomWords(uint256,uint256[]) (src/VerticalAIRaffleContract.sol#538-595) lacks of access control.
Reference: ...
INFO:Slither:0x849c663f4c87e045048065b17b67099a4e0b3969 analyzed (15 contracts with 3 detectors), 8 result(s) found


================================================================================

--- 错误 17 / 24 - 分析 0x1cf83db2414794a4aa5b02ec43cf4d2ea72cdd9c 时出错 ---
错误输出：'solc --standard-json --allow-paths /home/ziming/workspace/github/contracts/oracle/crytic-export/etherscan-contracts/0x1cf83db2414794a4aa5b02ec43cf4d2ea72cdd9c-VerticalAIRaffle' running
INFO:Detectors:
CWE-284: withdraw function in VerticalAIRaffle.claimPrize() (src/VerticalAIRaffleContract.sol#657-686) is not protrcted.
CWE-284: withdraw function in VerticalAIRaffle.unstakeTickets(uint256) (src/VerticalAIRaffleContract.sol#697-788) is not protrcted.
CWE-703: revert in require(bool,string)(s_requests[_requestId].paid > 0,VerticalAIRaffle: Request not found) (src/VerticalAIRaffleContract.sol#541-544) Costs have been incurred, recommend to log the error instead of aborting execution
CWE-703: revert in require(bool,string)(! s_requests[_requestId].fulfilled,VerticalAIRaffle: Request already fulfilled) (src/VerticalAIRaffleContract.sol#545-548) Costs have been incurred, recommend to log the error instead of aborting execution
CWE-703: revert in require(bool,string)(totalWeight > 0,VerticalAIRaffle: Total weight is zero) (src/VerticalAIRaffleContract.sol#571) Costs have been incurred, recommend to log the error instead of aborting execution
Reference: ...
INFO:Detectors:
CWE-284: state variable VerticalAIRaffle.callbackGasLimit (src/VerticalAIRaffleContract.sol#189) in VerticalAIRaffle.initialize(address,address,address) (src/VerticalAIRaffleContract.sol#222-255) lacks of access control.
CWE-284: state variable VerticalAIRaffle.requestConfirmations (src/VerticalAIRaffleContract.sol#192) in VerticalAIRaffle.initialize(address,address,address) (src/VerticalAIRaffleContract.sol#222-255) lacks of access control.
CWE-284: state variable VerticalAIRaffle.prizesDistributed (src/VerticalAIRaffleContract.sol#128) in VerticalAIRaffle.fulfillRandomWords(uint256,uint256[]) (src/VerticalAIRaffleContract.sol#537-602) lacks of access control.
Reference: ...
INFO:Slither:0x1cf83db2414794a4aa5b02ec43cf4d2ea72cdd9c analyzed (15 contracts with 3 detectors), 8 result(s) found


================================================================================

--- 错误 18 / 24 - 分析 0xda47264de4b704e231abdc706a890725a2df5ee5 时出错 ---
错误输出：'solc --standard-json --allow-paths /home/ziming/workspace/github/contracts/oracle/crytic-export/etherscan-contracts/0xda47264de4b704e231abdc706a890725a2df5ee5-VerticalAIRaffle' running
INFO:Detectors:
CWE-284: withdraw function in VerticalAIRaffle.claimPrize() (src/VerticalAIRaffleContract.sol#669-698) is not protrcted.
CWE-284: withdraw function in VerticalAIRaffle.unstakeTickets(uint256) (src/VerticalAIRaffleContract.sol#709-800) is not protrcted.
CWE-703: revert in require(bool,string)(s_requests[_requestId].paid > 0,VerticalAIRaffle: Request not found) (src/VerticalAIRaffleContract.sol#542-545) Costs have been incurred, recommend to log the error instead of aborting execution
CWE-703: revert in require(bool,string)(! s_requests[_requestId].fulfilled,VerticalAIRaffle: Request already fulfilled) (src/VerticalAIRaffleContract.sol#546-549) Costs have been incurred, recommend to log the error instead of aborting execution
CWE-703: revert in require(bool,string)(totalWeight > 0,VerticalAIRaffle: Total weight is zero) (src/VerticalAIRaffleContract.sol#572) Costs have been incurred, recommend to log the error instead of aborting execution
Reference: ...
INFO:Detectors:
CWE-284: state variable VerticalAIRaffle.callbackGasLimit (src/VerticalAIRaffleContract.sol#189) in VerticalAIRaffle.initialize(address,address,address) (src/VerticalAIRaffleContract.sol#222-255) lacks of access control.
CWE-284: state variable VerticalAIRaffle.requestConfirmations (src/VerticalAIRaffleContract.sol#192) in VerticalAIRaffle.initialize(address,address,address) (src/VerticalAIRaffleContract.sol#222-255) lacks of access control.
CWE-284: state variable VerticalAIRaffle.prizesDistributed (src/VerticalAIRaffleContract.sol#128) in VerticalAIRaffle.fulfillRandomWords(uint256,uint256[]) (src/VerticalAIRaffleContract.sol#538-614) lacks of access control.
Reference: ...
INFO:Slither:0xda47264de4b704e231abdc706a890725a2df5ee5 analyzed (15 contracts with 3 detectors), 8 result(s) found


================================================================================

--- 错误 19 / 24 - 分析 0xc0a011a871e10ddcb59e9e598161dbfacc2cd056 时出错 ---
错误输出：'solc --standard-json --allow-paths /home/ziming/workspace/github/contracts/oracle/crytic-export/etherscan-contracts/0xc0a011a871e10ddcb59e9e598161dbfacc2cd056-VerticalAIRaffle' running
INFO:Detectors:
CWE-284: withdraw function in VerticalAIRaffle.claimPrize() (src/VerticalAIRaffleContract.sol#669-698) is not protrcted.
CWE-284: withdraw function in VerticalAIRaffle.unstakeTickets(uint256) (src/VerticalAIRaffleContract.sol#709-797) is not protrcted.
CWE-703: revert in require(bool,string)(s_requests[_requestId].paid > 0,VerticalAIRaffle: Request not found) (src/VerticalAIRaffleContract.sol#542-545) Costs have been incurred, recommend to log the error instead of aborting execution
CWE-703: revert in require(bool,string)(! s_requests[_requestId].fulfilled,VerticalAIRaffle: Request already fulfilled) (src/VerticalAIRaffleContract.sol#546-549) Costs have been incurred, recommend to log the error instead of aborting execution
CWE-703: revert in require(bool,string)(totalWeight > 0,VerticalAIRaffle: Total weight is zero) (src/VerticalAIRaffleContract.sol#572) Costs have been incurred, recommend to log the error instead of aborting execution
Reference: ...
INFO:Detectors:
CWE-284: state variable VerticalAIRaffle.callbackGasLimit (src/VerticalAIRaffleContract.sol#189) in VerticalAIRaffle.initialize(address,address,address) (src/VerticalAIRaffleContract.sol#222-255) lacks of access control.
CWE-284: state variable VerticalAIRaffle.requestConfirmations (src/VerticalAIRaffleContract.sol#192) in VerticalAIRaffle.initialize(address,address,address) (src/VerticalAIRaffleContract.sol#222-255) lacks of access control.
CWE-284: state variable VerticalAIRaffle.prizesDistributed (src/VerticalAIRaffleContract.sol#128) in VerticalAIRaffle.fulfillRandomWords(uint256,uint256[]) (src/VerticalAIRaffleContract.sol#538-614) lacks of access control.
Reference: ...
INFO:Slither:0xc0a011a871e10ddcb59e9e598161dbfacc2cd056 analyzed (15 contracts with 3 detectors), 8 result(s) found


================================================================================

--- 错误 20 / 24 - 分析 0x557b52f5ede832267c9699f69b3f0917510ec4a0 时出错 ---
错误输出：'solc --standard-json --allow-paths /home/ziming/workspace/github/contracts/oracle/crytic-export/etherscan-contracts/0x557b52f5ede832267c9699f69b3f0917510ec4a0-VerticalAIRaffle' running
INFO:Detectors:
CWE-284: withdraw function in VerticalAIRaffle.claimPrize() (src/VerticalAIRaffleContract.sol#677-706) is not protrcted.
CWE-284: withdraw function in VerticalAIRaffle.unstakeTickets(uint256) (src/VerticalAIRaffleContract.sol#717-805) is not protrcted.
CWE-703: revert in require(bool,string)(s_requests[_requestId].paid > 0,VerticalAIRaffle: Request not found) (src/VerticalAIRaffleContract.sol#550-553) Costs have been incurred, recommend to log the error instead of aborting execution
CWE-703: revert in require(bool,string)(! s_requests[_requestId].fulfilled,VerticalAIRaffle: Request already fulfilled) (src/VerticalAIRaffleContract.sol#554-557) Costs have been incurred, recommend to log the error instead of aborting execution
CWE-703: revert in require(bool,string)(totalWeight > 0,VerticalAIRaffle: Total weight is zero) (src/VerticalAIRaffleContract.sol#580) Costs have been incurred, recommend to log the error instead of aborting execution
Reference: ...
INFO:Detectors:
CWE-284: state variable VerticalAIRaffle.callbackGasLimit (src/VerticalAIRaffleContract.sol#189) in VerticalAIRaffle.initialize(address,address,address) (src/VerticalAIRaffleContract.sol#222-255) lacks of access control.
CWE-284: state variable VerticalAIRaffle.requestConfirmations (src/VerticalAIRaffleContract.sol#192) in VerticalAIRaffle.initialize(address,address,address) (src/VerticalAIRaffleContract.sol#222-255) lacks of access control.
CWE-284: state variable VerticalAIRaffle.prizesDistributed (src/VerticalAIRaffleContract.sol#128) in VerticalAIRaffle.fulfillRandomWords(uint256,uint256[]) (src/VerticalAIRaffleContract.sol#546-622) lacks of access control.
Reference: ...
INFO:Slither:0x557b52f5ede832267c9699f69b3f0917510ec4a0 analyzed (15 contracts with 3 detectors), 8 result(s) found


================================================================================

--- 错误 21 / 24 - 分析 0xe6304144fb9184437797d7bc195189e0687a2f9f 时出错 ---
错误输出：'solc --standard-json --allow-paths /home/ziming/workspace/github/contracts/oracle/crytic-export/etherscan-contracts/0xe6304144fb9184437797d7bc195189e0687a2f9f-VerticalAIRaffle' running
INFO:Detectors:
CWE-284: withdraw function in VerticalAIRaffle.claimPrize() (src/VerticalAIRaffleContract.sol#677-706) is not protrcted.
CWE-284: withdraw function in VerticalAIRaffle.unstakeTickets(uint256) (src/VerticalAIRaffleContract.sol#717-805) is not protrcted.
CWE-703: revert in require(bool,string)(s_requests[_requestId].paid > 0,VerticalAIRaffle: Request not found) (src/VerticalAIRaffleContract.sol#550-553) Costs have been incurred, recommend to log the error instead of aborting execution
CWE-703: revert in require(bool,string)(! s_requests[_requestId].fulfilled,VerticalAIRaffle: Request already fulfilled) (src/VerticalAIRaffleContract.sol#554-557) Costs have been incurred, recommend to log the error instead of aborting execution
CWE-703: revert in require(bool,string)(totalWeight > 0,VerticalAIRaffle: Total weight is zero) (src/VerticalAIRaffleContract.sol#580) Costs have been incurred, recommend to log the error instead of aborting execution
Reference: ...
INFO:Detectors:
CWE-284: state variable VerticalAIRaffle.callbackGasLimit (src/VerticalAIRaffleContract.sol#189) in VerticalAIRaffle.initialize(address,address,address) (src/VerticalAIRaffleContract.sol#222-255) lacks of access control.
CWE-284: state variable VerticalAIRaffle.requestConfirmations (src/VerticalAIRaffleContract.sol#192) in VerticalAIRaffle.initialize(address,address,address) (src/VerticalAIRaffleContract.sol#222-255) lacks of access control.
CWE-284: state variable VerticalAIRaffle.prizesDistributed (src/VerticalAIRaffleContract.sol#128) in VerticalAIRaffle.fulfillRandomWords(uint256,uint256[]) (src/VerticalAIRaffleContract.sol#546-622) lacks of access control.
Reference: ...
INFO:Slither:0xe6304144fb9184437797d7bc195189e0687a2f9f analyzed (15 contracts with 3 detectors), 8 result(s) found


================================================================================

--- 错误 22 / 24 - 分析 0xeee982bcfe7125c6ef4e0c76079cb12e25901ffb 时出错 ---
错误输出：'solc --standard-json --allow-paths /home/ziming/workspace/github/contracts/oracle/crytic-export/etherscan-contracts/0xeee982bcfe7125c6ef4e0c76079cb12e25901ffb-VerticalAIRaffle' running
INFO:Detectors:
CWE-284: withdraw function in VerticalAIRaffle.claimPrize() (src/VerticalAIRaffleContract.sol#684-713) is not protrcted.
CWE-284: withdraw function in VerticalAIRaffle.unstakeTickets(uint256) (src/VerticalAIRaffleContract.sol#726-775) is not protrcted.
CWE-703: revert in require(bool,string)(s_requests[_requestId].paid > 0,VerticalAIRaffle: Request not found) (src/VerticalAIRaffleContract.sol#557-560) Costs have been incurred, recommend to log the error instead of aborting execution
CWE-703: revert in require(bool,string)(! s_requests[_requestId].fulfilled,VerticalAIRaffle: Request already fulfilled) (src/VerticalAIRaffleContract.sol#561-564) Costs have been incurred, recommend to log the error instead of aborting execution
CWE-703: revert in require(bool,string)(totalWeight > 0,VerticalAIRaffle: Total weight is zero) (src/VerticalAIRaffleContract.sol#587) Costs have been incurred, recommend to log the error instead of aborting execution
Reference: ...
INFO:Detectors:
CWE-284: state variable VerticalAIRaffle.callbackGasLimit (src/VerticalAIRaffleContract.sol#196) in VerticalAIRaffle.initialize(address,address,address) (src/VerticalAIRaffleContract.sol#229-262) lacks of access control.
CWE-284: state variable VerticalAIRaffle.requestConfirmations (src/VerticalAIRaffleContract.sol#199) in VerticalAIRaffle.initialize(address,address,address) (src/VerticalAIRaffleContract.sol#229-262) lacks of access control.
CWE-284: state variable VerticalAIRaffle.prizesDistributed (src/VerticalAIRaffleContract.sol#135) in VerticalAIRaffle.fulfillRandomWords(uint256,uint256[]) (src/VerticalAIRaffleContract.sol#553-629) lacks of access control.
Reference: ...
INFO:Slither:0xeee982bcfe7125c6ef4e0c76079cb12e25901ffb analyzed (15 contracts with 3 detectors), 8 result(s) found


================================================================================

--- 错误 23 / 24 - 分析 0x4b9bb2a4f153e9f9133e0a0fb76816d3aa4ef053 时出错 ---
错误输出：'solc --standard-json --allow-paths /home/ziming/workspace/github/contracts/oracle/crytic-export/etherscan-contracts/0x4b9bb2a4f153e9f9133e0a0fb76816d3aa4ef053-NutgamesLottery' running
INFO:Detectors:
CWE-284: withdraw function in NutgamesLottery.drawFinalNumberAndMakeLotteryClaimable(address,uint256) (contracts/NutgamesLotteryETH.sol#1129-1213) is not protrcted.
CWE-284: withdraw function in NutgamesLottery._sendOperatorProtocolFee(bool) (contracts/NutgamesLotteryETH.sol#1633-1650) is not protrcted.
CWE-703: revert in require(bool,string)(request.paid > 0,request not found) (contracts/NutgamesLotteryETH.sol#945) Costs have been incurred, recommend to log the error instead of aborting execution
Reference: ...
INFO:Detectors:
CWE-284: oracle operation (requestId,reqPrice) = requestRandomnessPayInNative(config.vrfCallbackGasLimit,config.vrfResquestConfirmations,VRF_NUM_WORDS,extraArgs) (contracts/NutgamesLotteryETH.sol#925-930) lacks of access control.
CWE-693: oracle operation in NutgamesLottery._requestRandomWord(address,uint256) (contracts/NutgamesLotteryETH.sol#916-941) is not pausable.
CWE-693: oracle operation in NutgamesLottery (contracts/NutgamesLotteryETH.sol#741-1651) is not upgradeable.
Reference: ...
INFO:Detectors:
CWE-345: response ID of the fulfill NutgamesLottery.fulfillRandomWords(uint256,uint256[]) (contracts/NutgamesLotteryETH.sol#943-952) not checked.
CWE-345: response in lowerBound = uint32(10) ** request.bracketCalculatorActiveLength (contracts/NutgamesLotteryETH.sol#948) may be tampered by parameters.
CWE-345: response in lowerBound = uint32(10) ** request.bracketCalculatorActiveLength (contracts/NutgamesLotteryETH.sol#948) may be tampered by state variables.
CWE-345: response in request.randomResult = uint32(lowerBound + (_randomWords[0] % lowerBound)) (contracts/NutgamesLotteryETH.sol#950) may be tampered by parameters.
CWE-345: response in request.randomResult = uint32(lowerBound + (_randomWords[0] % lowerBound)) (contracts/NutgamesLotteryETH.sol#950) may be tampered by state variables.
Reference: ...
INFO:Slither:0x4b9bb2a4f153e9f9133e0a0fb76816d3aa4ef053 analyzed (9 contracts with 3 detectors), 11 result(s) found


================================================================================

--- 错误 24 / 24 - 分析 0x89466fe99edf79b6b3f1836f0ecb3789a77a221a 时出错 ---
错误输出：'solc --standard-json --allow-paths /home/ziming/workspace/github/contracts/oracle' running
INFO:Detectors:
CWE-703: revert in require(bool,string)(requestIdToRound[_requestId] == roundNumber,The requestId is not for the current round) (crytic-export/etherscan-contracts/0x89466fe99edf79b6b3f1836f0ecb3789a77a221a-RefundableLottery.sol#1231) Costs have been incurred, recommend to log the error instead of aborting execution
CWE-703: revert in require(bool,string)(roundInfos[roundNumber].state == RoundState.ROLLING,The current round state is not ROLLING) (crytic-export/etherscan-contracts/0x89466fe99edf79b6b3f1836f0ecb3789a77a221a-RefundableLottery.sol#1232) Costs have been incurred, recommend to log the error instead of aborting execution
Reference: ...
INFO:Detectors:
CWE-284: oracle operation requestId = s_vrfCoordinator.requestRandomWords(VRFV2PlusClient.RandomWordsRequest({keyHash:keyHash,subId:subscriptionId,requestConfirmations:requestConfirmations,callbackGasLimit:callbackGasLimit,numWords:1,extraArgs:VRFV2PlusClient._argsToBytes(VRFV2PlusClient.ExtraArgsV1({nativePayment:false}))})) (crytic-export/etherscan-contracts/0x89466fe99edf79b6b3f1836f0ecb3789a77a221a-RefundableLottery.sol#1208-1219) lacks of access control.
CWE-693: oracle operation in RefundableLottery.rollTheDice() (crytic-export/etherscan-contracts/0x89466fe99edf79b6b3f1836f0ecb3789a77a221a-RefundableLottery.sol#1202-1227) is not pausable.
CWE-693: oracle operation in RefundableLottery (crytic-export/etherscan-contracts/0x89466fe99edf79b6b3f1836f0ecb3789a77a221a-RefundableLottery.sol#1055-1399) is not upgradeable.
Reference: ...
INFO:Detectors:
CWE-345: response in roundInfos[roundNumber].jackpotNumber = _randomWords[0] % (TICKET_NUMBER_RANGE + 1) (crytic-export/etherscan-contracts/0x89466fe99edf79b6b3f1836f0ecb3789a77a221a-RefundableLottery.sol#1237) may be tampered by state variables.
Reference: ...
INFO:Slither:0x89466fe99edf79b6b3f1836f0ecb3789a77a221a analyzed (16 contracts with 3 detectors), 6 result(s) found


================================================================================

